2017-04-19 09:50:43,427 Importing file XML...
2017-04-19 09:50:43,431 Agt: bus1_vm(ID=0)
 Var: Neighbors=	{}
P=-	PP={}	C={}	PC={}	Sep={}
Priority = 0

2017-04-19 09:50:43,431 Agt: bus1_va(ID=1)
 Var: Neighbors=	{}
P=-	PP={}	C={}	PC={}	Sep={}
Priority = 0

2017-04-19 09:50:43,431 Agt: bus2_vm(ID=2)
 Var: Neighbors=	{}
P=-	PP={}	C={}	PC={}	Sep={}
Priority = 0

2017-04-19 09:50:43,431 Agt: bus2_va(ID=3)
 Var: Neighbors=	{}
P=-	PP={}	C={}	PC={}	Sep={}
Priority = 0

2017-04-19 09:50:43,431 Agt: Pg_1(ID=4)
 Var: Neighbors=	{}
P=-	PP={}	C={}	PC={}	Sep={}
Priority = 0

2017-04-19 09:50:43,431 Agt: Qg_1(ID=5)
 Var: Neighbors=	{}
P=-	PP={}	C={}	PC={}	Sep={}
Priority = 0

2017-04-19 09:50:43,431 v1_m range: [1.000000 1.100000] 1.000000,1.001000,1.002000,1.003000,1.004000,1.005000,1.006000,1.007000,1.008000,1.009000,1.010000,1.011000,1.012000,1.013000,1.014000,1.015000,1.016000,1.017000,1.018000,1.019000,1.020000,1.021000,1.022000,1.023000,1.024000,1.025000,1.026000,1.027000,1.028000,1.029000,1.030000,1.031000,1.032000,1.033000,1.034000,1.035000,1.036000,1.037000,1.038000,1.039000,1.040000,1.041000,1.042000,1.043000,1.044000,1.045000,1.046000,1.047000,1.048000,1.049000,1.050000,1.051000,1.052000,1.053000,1.054000,1.055000,1.056000,1.057000,1.058000,1.059000,1.060000,1.061000,1.062000,1.063000,1.064000,1.065000,1.066000,1.067000,1.068000,1.069000,1.070000,1.071000,1.072000,1.073000,1.074000,1.075000,1.076000,1.077000,1.078000,1.079000,1.080000,1.081000,1.082000,1.083000,1.084000,1.085000,1.086000,1.087000,1.088000,1.089000,1.090000,1.091000,1.092000,1.093000,1.094000,1.095000,1.096000,1.097000,1.098000,1.099000,1.100000,
2017-04-19 09:50:43,431 v1_a range: [0.000000 0.000000] 0.000000,
2017-04-19 09:50:43,431 v2_m range: [1.000000 1.100000] 1.000000,1.001000,1.002000,1.003000,1.004000,1.005000,1.006000,1.007000,1.008000,1.009000,1.010000,1.011000,1.012000,1.013000,1.014000,1.015000,1.016000,1.017000,1.018000,1.019000,1.020000,1.021000,1.022000,1.023000,1.024000,1.025000,1.026000,1.027000,1.028000,1.029000,1.030000,1.031000,1.032000,1.033000,1.034000,1.035000,1.036000,1.037000,1.038000,1.039000,1.040000,1.041000,1.042000,1.043000,1.044000,1.045000,1.046000,1.047000,1.048000,1.049000,1.050000,1.051000,1.052000,1.053000,1.054000,1.055000,1.056000,1.057000,1.058000,1.059000,1.060000,1.061000,1.062000,1.063000,1.064000,1.065000,1.066000,1.067000,1.068000,1.069000,1.070000,1.071000,1.072000,1.073000,1.074000,1.075000,1.076000,1.077000,1.078000,1.079000,1.080000,1.081000,1.082000,1.083000,1.084000,1.085000,1.086000,1.087000,1.088000,1.089000,1.090000,1.091000,1.092000,1.093000,1.094000,1.095000,1.096000,1.097000,1.098000,1.099000,1.100000,
2017-04-19 09:50:43,431 v2_a range: [-0.004000 -0.002000] -0.004000,-0.003900,-0.003800,-0.003700,-0.003600,-0.003500,-0.003400,-0.003300,-0.003200,-0.003100,-0.003000,-0.002900,-0.002800,-0.002700,-0.002600,-0.002500,-0.002400,-0.002300,-0.002200,-0.002100,-0.002000,
2017-04-19 09:50:43,431 Pg1 range: [0.090000 0.130000] 0.090000,0.100000,0.110000,0.120000,0.130000,
2017-04-19 09:50:43,431 Qg1 range: [-0.070000 -0.050000] -0.070000,-0.069000,-0.068000,-0.067000,-0.066000,-0.065000,-0.064000,-0.063000,-0.062000,-0.061000,-0.060000,-0.059000,-0.058000,-0.057000,-0.056000,-0.055000,-0.054000,-0.053000,-0.052000,-0.051000,
2017-04-19 09:50:50,435 Constraint:  scope={Pg1, v1_m, v2_m, v1_a, v2_a, }
UNFEASIBLE

2017-04-19 09:50:50,484 Constraint:  scope={Pg1, v1_m, v2_m, v1_a, v2_a, }
UNFEASIBLE

2017-04-19 09:50:51,622 Constraint:  scope={v1_m, v2_m, v1_a, v2_a, }
UNFEASIBLE

2017-04-19 09:50:51,633 Constraint:  scope={v1_m, v2_m, v1_a, v2_a, }
UNFEASIBLE

